#
# There is insufficient memory for the Java Runtime Environment to continue.
# Native memory allocation (mmap) failed to map 120586240 bytes for committing reserved memory.
# Possible reasons:
#   The system is out of physical RAM or swap space
#   In 32 bit mode, the process size limit was hit
# Possible solutions:
#   Reduce memory load on the system
#   Increase physical memory or swap space
#   Check if swap backing store is full
#   Use 64 bit Java on a 64 bit OS
#   Decrease Java heap size (-Xmx/-Xms)
#   Decrease number of Java threads
#   Decrease Java thread stack sizes (-Xss)
#   Set larger code cache with -XX:ReservedCodeCacheSize=
# This output file may be truncated or incomplete.
#
#  Out of Memory Error (os_linux.cpp:2627), pid=11941, tid=0x00007f639edfb700
#
# JRE version: Java(TM) SE Runtime Environment (8.0_101-b13) (build 1.8.0_101-b13)
# Java VM: Java HotSpot(TM) 64-Bit Server VM (25.101-b13 mixed mode linux-amd64 compressed oops)
# Failed to write core dump. Core dumps have been disabled. To enable core dumping, try "ulimit -c unlimited" before starting Java again
#

---------------  T H R E A D  ---------------

Current thread (0x00007f63b0078800):  VMThread [stack: 0x00007f639ecfb000,0x00007f639edfc000] [id=11954]

Stack: [0x00007f639ecfb000,0x00007f639edfc000],  sp=0x00007f639edfa260,  free space=1020k
Native frames: (J=compiled Java code, j=interpreted, Vv=VM code, C=native code)
V  [libjvm.so+0xac3f0a]  VMError::report_and_die()+0x2ba
V  [libjvm.so+0x4fbf9b]  report_vm_out_of_memory(char const*, int, unsigned long, VMErrorType, char const*)+0x8b
V  [libjvm.so+0x9222d3]  os::Linux::commit_memory_impl(char*, unsigned long, bool)+0x103
V  [libjvm.so+0x922829]  os::pd_commit_memory(char*, unsigned long, unsigned long, bool)+0x29
V  [libjvm.so+0x91cb2a]  os::commit_memory(char*, unsigned long, unsigned long, bool)+0x2a
V  [libjvm.so+0x991053]  PSVirtualSpace::expand_by(unsigned long)+0x53
V  [libjvm.so+0x992458]  PSYoungGen::resize_generation(unsigned long, unsigned long)+0xf8
V  [libjvm.so+0x9915b2]  PSYoungGen::resize(unsigned long, unsigned long)+0x22
V  [libjvm.so+0x98e88b]  PSScavenge::invoke_no_policy()+0xf3b
V  [libjvm.so+0x98f011]  PSScavenge::invoke()+0x41
V  [libjvm.so+0x945fc0]  ParallelScavengeHeap::failed_mem_allocate(unsigned long)+0x70
V  [libjvm.so+0xac5927]  VM_ParallelGCFailedAllocation::doit()+0x97
V  [libjvm.so+0xacd405]  VM_Operation::evaluate()+0x55
V  [libjvm.so+0xacb7da]  VMThread::evaluate_operation(VM_Operation*)+0xba
V  [libjvm.so+0xacbb5e]  VMThread::loop()+0x1ce
V  [libjvm.so+0xacbfd0]  VMThread::run()+0x70
V  [libjvm.so+0x924698]  java_start(Thread*)+0x108

VM_Operation (0x00007f636745a0c0): ParallelGCFailedAllocation, mode: safepoint, requested by thread 0x00007f63b025c800


---------------  P R O C E S S  ---------------

Java Threads: ( => current thread )
  0x00007f634c14d000 JavaThread "TimerQueue" daemon [_thread_blocked, id=11977, stack(0x00007f63666f8000,0x00007f63667f9000)]
  0x00007f63b000a800 JavaThread "DestroyJavaVM" [_thread_blocked, id=11943, stack(0x00007f63b923d000,0x00007f63b933e000)]
  0x00007f63b025c800 JavaThread "AWT-EventQueue-0" [_thread_blocked, id=11975, stack(0x00007f636735d000,0x00007f636745e000)]
  0x00007f63b025b000 JavaThread "AWT-Shutdown" [_thread_blocked, id=11974, stack(0x00007f636745e000,0x00007f636755f000)]
  0x00007f63b0256800 JavaThread "AWT-XAWT" daemon [_thread_blocked, id=11973, stack(0x00007f636755f000,0x00007f6367660000)]
  0x00007f63b0235800 JavaThread "Java2D Disposer" daemon [_thread_blocked, id=11972, stack(0x00007f6367a70000,0x00007f6367b71000)]
  0x00007f63b013c000 JavaThread "Monitor Ctrl-Break" daemon [_thread_in_native, id=11971, stack(0x00007f639d99e000,0x00007f639da9f000)]
  0x00007f63b00c2000 JavaThread "Service Thread" daemon [_thread_blocked, id=11969, stack(0x00007f639dda2000,0x00007f639dea3000)]
  0x00007f63b00be800 JavaThread "C1 CompilerThread2" daemon [_thread_blocked, id=11968, stack(0x00007f639dea3000,0x00007f639dfa4000)]
  0x00007f63b00bd000 JavaThread "C2 CompilerThread1" daemon [_thread_blocked, id=11967, stack(0x00007f639dfa4000,0x00007f639e0a5000)]
  0x00007f63b00ba000 JavaThread "C2 CompilerThread0" daemon [_thread_blocked, id=11966, stack(0x00007f639e0a5000,0x00007f639e1a6000)]
  0x00007f63b00b8800 JavaThread "Signal Dispatcher" daemon [_thread_blocked, id=11965, stack(0x00007f639e1a6000,0x00007f639e2a7000)]
  0x00007f63b0084800 JavaThread "Finalizer" daemon [_thread_blocked, id=11958, stack(0x00007f639eaf9000,0x00007f639ebfa000)]
  0x00007f63b0080000 JavaThread "Reference Handler" daemon [_thread_blocked, id=11957, stack(0x00007f639ebfa000,0x00007f639ecfb000)]

Other Threads:
=>0x00007f63b0078800 VMThread [stack: 0x00007f639ecfb000,0x00007f639edfc000] [id=11954]
  0x00007f63b00c5000 WatcherThread [stack: 0x00007f639dca1000,0x00007f639dda2000] [id=11970]

VM state:at safepoint (normal execution)

VM Mutex/Monitor currently owned by a thread:  ([mutex/lock_event])
[0x00007f63b00069d0] Threads_lock - owner thread: 0x00007f63b0078800
[0x00007f63b0006ed0] Heap_lock - owner thread: 0x00007f63b025c800

Heap:
 PSYoungGen      total 200192K, used 32K [0x00000000ec000000, 0x00000000f8780000, 0x0000000100000000)
  eden space 196096K, 0% used [0x00000000ec000000,0x00000000ec000000,0x00000000f7f80000)
  from space 4096K, 0% used [0x00000000f7f80000,0x00000000f7f88000,0x00000000f8380000)
  to   space 4096K, 0% used [0x00000000f8380000,0x00000000f8380000,0x00000000f8780000)
 ParOldGen       total 40960K, used 2829K [0x00000000c4000000, 0x00000000c6800000, 0x00000000ec000000)
  object space 40960K, 6% used [0x00000000c4000000,0x00000000c42c3490,0x00000000c6800000)
 Metaspace       used 12282K, capacity 12438K, committed 12800K, reserved 1060864K
  class space    used 1413K, capacity 1482K, committed 1536K, reserved 1048576K

Card table byte_map: [0x00007f63b5e18000,0x00007f63b5ff9000] byte_map_base: 0x00007f63b57f8000

Marking Bits: (ParMarkBitMap*) 0x00007f63b8719120
 Begin Bits: [0x00007f639f200000, 0x00007f63a0100000)
 End Bits:   [0x00007f63a0100000, 0x00007f63a1000000)

Polling page: 0x00007f63b9362000

CodeCache: size=245760Kb used=3584Kb max_used=3590Kb free=242176Kb
 bounds [0x00007f63a1000000, 0x00007f63a1390000, 0x00007f63b0000000]
 total_blobs=1436 nmethods=897 adapters=453
 compilation: enabled

Compilation events (10 events):
Event: 5,035 Thread 0x00007f63b00be800  891       3       java.util.Random::next (47 bytes)
Event: 5,035 Thread 0x00007f63b00be800 nmethod 891 0x00007f63a137ba50 code [0x00007f63a137bbc0, 0x00007f63a137bfd0]
Event: 5,036 Thread 0x00007f63b00ba000  894       4       ANN.Network::normalize (140 bytes)
Event: 5,037 Thread 0x00007f63b00bd000  895 %     4       ANN.Network::errorBackprop @ 14 (267 bytes)
Event: 5,049 Thread 0x00007f63b00ba000 nmethod 894 0x00007f63a137d190 code [0x00007f63a137d360, 0x00007f63a137d6f8]
Event: 5,070 Thread 0x00007f63b00bd000 nmethod 895% 0x00007f63a137ec90 code [0x00007f63a137eee0, 0x00007f63a137fb18]
Event: 5,070 Thread 0x00007f63b00ba000  896       4       ANN.Network::errorBackprop (267 bytes)
Event: 5,099 Thread 0x00007f63b00ba000 nmethod 896 0x00007f63a1381b10 code [0x00007f63a1381d80, 0x00007f63a1382b98]
Event: 5,116 Thread 0x00007f63b00bd000  897       4       ANN.Network::learn (91 bytes)
Event: 5,138 Thread 0x00007f63b00bd000 nmethod 897 0x00007f63a13837d0 code [0x00007f63a13839c0, 0x00007f63a13845b8]

GC Heap History (10 events):
Event: 2,396 GC heap after
Heap after GC invocations=6 (full 0):
 PSYoungGen      total 64512K, used 2544K [0x00000000ec000000, 0x00000000f0200000, 0x0000000100000000)
  eden space 61440K, 0% used [0x00000000ec000000,0x00000000ec000000,0x00000000efc00000)
  from space 3072K, 82% used [0x00000000eff00000,0x00000000f017c010,0x00000000f0200000)
  to   space 3072K, 0% used [0x00000000efc00000,0x00000000efc00000,0x00000000eff00000)
 ParOldGen       total 40960K, used 262K [0x00000000c4000000, 0x00000000c6800000, 0x00000000ec000000)
  object space 40960K, 0% used [0x00000000c4000000,0x00000000c40419a0,0x00000000c6800000)
 Metaspace       used 12172K, capacity 12342K, committed 12544K, reserved 1060864K
  class space    used 1390K, capacity 1450K, committed 1536K, reserved 1048576K
}
Event: 2,481 GC heap before
{Heap before GC invocations=7 (full 0):
 PSYoungGen      total 64512K, used 63984K [0x00000000ec000000, 0x00000000f0200000, 0x0000000100000000)
  eden space 61440K, 100% used [0x00000000ec000000,0x00000000efc00000,0x00000000efc00000)
  from space 3072K, 82% used [0x00000000eff00000,0x00000000f017c010,0x00000000f0200000)
  to   space 3072K, 0% used [0x00000000efc00000,0x00000000efc00000,0x00000000eff00000)
 ParOldGen       total 40960K, used 262K [0x00000000c4000000, 0x00000000c6800000, 0x00000000ec000000)
  object space 40960K, 0% used [0x00000000c4000000,0x00000000c40419a0,0x00000000c6800000)
 Metaspace       used 12173K, capacity 12342K, committed 12544K, reserved 1060864K
  class space    used 1390K, capacity 1450K, committed 1536K, reserved 1048576K
Event: 2,485 GC heap after
Heap after GC invocations=7 (full 0):
 PSYoungGen      total 64512K, used 32K [0x00000000ec000000, 0x00000000f3f00000, 0x0000000100000000)
  eden space 61440K, 0% used [0x00000000ec000000,0x00000000ec000000,0x00000000efc00000)
  from space 3072K, 1% used [0x00000000efc00000,0x00000000efc08000,0x00000000eff00000)
  to   space 3584K, 0% used [0x00000000f3b80000,0x00000000f3b80000,0x00000000f3f00000)
 ParOldGen       total 40960K, used 2765K [0x00000000c4000000, 0x00000000c6800000, 0x00000000ec000000)
  object space 40960K, 6% used [0x00000000c4000000,0x00000000c42b3490,0x00000000c6800000)
 Metaspace       used 12173K, capacity 12342K, committed 12544K, reserved 1060864K
  class space    used 1390K, capacity 1450K, committed 1536K, reserved 1048576K
}
Event: 2,549 GC heap before
{Heap before GC invocations=8 (full 0):
 PSYoungGen      total 64512K, used 61472K [0x00000000ec000000, 0x00000000f3f00000, 0x0000000100000000)
  eden space 61440K, 100% used [0x00000000ec000000,0x00000000efc00000,0x00000000efc00000)
  from space 3072K, 1% used [0x00000000efc00000,0x00000000efc08000,0x00000000eff00000)
  to   space 3584K, 0% used [0x00000000f3b80000,0x00000000f3b80000,0x00000000f3f00000)
 ParOldGen       total 40960K, used 2765K [0x00000000c4000000, 0x00000000c6800000, 0x00000000ec000000)
  object space 40960K, 6% used [0x00000000c4000000,0x00000000c42b3490,0x00000000c6800000)
 Metaspace       used 12173K, capacity 12342K, committed 12544K, reserved 1060864K
  class space    used 1390K, capacity 1450K, committed 1536K, reserved 1048576K
Event: 2,551 GC heap after
Heap after GC invocations=8 (full 0):
 PSYoungGen      total 125952K, used 32K [0x00000000ec000000, 0x00000000f4000000, 0x0000000100000000)
  eden space 122368K, 0% used [0x00000000ec000000,0x00000000ec000000,0x00000000f3780000)
  from space 3584K, 0% used [0x00000000f3b80000,0x00000000f3b88000,0x00000000f3f00000)
  to   space 4096K, 0% used [0x00000000f3780000,0x00000000f3780000,0x00000000f3b80000)
 ParOldGen       total 40960K, used 2765K [0x00000000c4000000, 0x00000000c6800000, 0x00000000ec000000)
  object space 40960K, 6% used [0x00000000c4000000,0x00000000c42b3490,0x00000000c6800000)
 Metaspace       used 12173K, capacity 12342K, committed 12544K, reserved 1060864K
  class space    used 1390K, capacity 1450K, committed 1536K, reserved 1048576K
}
Event: 5,109 GC heap before
{Heap before GC invocations=9 (full 0):
 PSYoungGen      total 125952K, used 122400K [0x00000000ec000000, 0x00000000f4000000, 0x0000000100000000)
  eden space 122368K, 100% used [0x00000000ec000000,0x00000000f3780000,0x00000000f3780000)
  from space 3584K, 0% used [0x00000000f3b80000,0x00000000f3b88000,0x00000000f3f00000)
  to   space 4096K, 0% used [0x00000000f3780000,0x00000000f3780000,0x00000000f3b80000)
 ParOldGen       total 40960K, used 2765K [0x00000000c4000000, 0x00000000c6800000, 0x00000000ec000000)
  object space 40960K, 6% used [0x00000000c4000000,0x00000000c42b3490,0x00000000c6800000)
 Metaspace       used 12282K, capacity 12438K, committed 12800K, reserved 1060864K
  class space    used 1413K, capacity 1482K, committed 1536K, reserved 1048576K
Event: 5,110 GC heap after
Heap after GC invocations=9 (full 0):
 PSYoungGen      total 126464K, used 160K [0x00000000ec000000, 0x00000000f8780000, 0x0000000100000000)
  eden space 122368K, 0% used [0x00000000ec000000,0x00000000ec000000,0x00000000f3780000)
  from space 4096K, 3% used [0x00000000f3780000,0x00000000f37a8000,0x00000000f3b80000)
  to   space 4096K, 0% used [0x00000000f8380000,0x00000000f8380000,0x00000000f8780000)
 ParOldGen       total 40960K, used 2765K [0x00000000c4000000, 0x00000000c6800000, 0x00000000ec000000)
  object space 40960K, 6% used [0x00000000c4000000,0x00000000c42b3490,0x00000000c6800000)
 Metaspace       used 12282K, capacity 12438K, committed 12800K, reserved 1060864K
  class space    used 1413K, capacity 1482K, committed 1536K, reserved 1048576K
}
Event: 5,239 GC heap before
{Heap before GC invocations=10 (full 0):
 PSYoungGen      total 126464K, used 122528K [0x00000000ec000000, 0x00000000f8780000, 0x0000000100000000)
  eden space 122368K, 100% used [0x00000000ec000000,0x00000000f3780000,0x00000000f3780000)
  from space 4096K, 3% used [0x00000000f3780000,0x00000000f37a8000,0x00000000f3b80000)
  to   space 4096K, 0% used [0x00000000f8380000,0x00000000f8380000,0x00000000f8780000)
 ParOldGen       total 40960K, used 2765K [0x00000000c4000000, 0x00000000c6800000, 0x00000000ec000000)
  object space 40960K, 6% used [0x00000000c4000000,0x00000000c42b3490,0x00000000c6800000)
 Metaspace       used 12282K, capacity 12438K, committed 12800K, reserved 1060864K
  class space    used 1413K, capacity 1482K, committed 1536K, reserved 1048576K
Event: 5,241 GC heap after
Heap after GC invocations=10 (full 0):
 PSYoungGen      total 200192K, used 128K [0x00000000ec000000, 0x00000000f8780000, 0x0000000100000000)
  eden space 196096K, 0% used [0x00000000ec000000,0x00000000ec000000,0x00000000f7f80000)
  from space 4096K, 3% used [0x00000000f8380000,0x00000000f83a0000,0x00000000f8780000)
  to   space 4096K, 0% used [0x00000000f7f80000,0x00000000f7f80000,0x00000000f8380000)
 ParOldGen       total 40960K, used 2765K [0x00000000c4000000, 0x00000000c6800000, 0x00000000ec000000)
  object space 40960K, 6% used [0x00000000c4000000,0x00000000c42b3490,0x00000000c6800000)
 Metaspace       used 12282K, capacity 12438K, committed 12800K, reserved 1060864K
  class space    used 1413K, capacity 1482K, committed 1536K, reserved 1048576K
}
Event: 5,479 GC heap before
{Heap before GC invocations=11 (full 0):
 PSYoungGen      total 200192K, used 196224K [0x00000000ec000000, 0x00000000f8780000, 0x0000000100000000)
  eden space 196096K, 100% used [0x00000000ec000000,0x00000000f7f80000,0x00000000f7f80000)
  from space 4096K, 3% used [0x00000000f8380000,0x00000000f83a0000,0x00000000f8780000)
  to   space 4096K, 0% used [0x00000000f7f80000,0x00000000f7f80000,0x00000000f8380000)
 ParOldGen       total 40960K, used 2765K [0x00000000c4000000, 0x00000000c6800000, 0x00000000ec000000)
  object space 40960K, 6% used [0x00000000c4000000,0x00000000c42b3490,0x00000000c6800000)
 Metaspace       used 12282K, capacity 12438K, committed 12800K, reserved 1060864K
  class space    used 1413K, capacity 1482K, committed 1536K, reserved 1048576K

Deoptimization events (7 events):
Event: 0,761 Thread 0x00007f63b025c800 Uncommon trap: reason=class_check action=maybe_recompile pc=0x00007f63a127d5c0 method=java.util.Arrays.copyOf([Ljava/lang/Object;ILjava/lang/Class;)[Ljava/lang/Object; @ 24
Event: 0,809 Thread 0x00007f63b025c800 Uncommon trap: reason=class_check action=maybe_recompile pc=0x00007f63a127d5c0 method=java.util.Arrays.copyOf([Ljava/lang/Object;ILjava/lang/Class;)[Ljava/lang/Object; @ 24
Event: 0,850 Thread 0x00007f63b025c800 Uncommon trap: reason=unstable_if action=reinterpret pc=0x00007f63a125f180 method=java.lang.CharacterDataLatin1.digit(II)I @ 60
Event: 1,047 Thread 0x00007f63b025c800 Uncommon trap: reason=class_check action=maybe_recompile pc=0x00007f63a127d5c0 method=java.util.Arrays.copyOf([Ljava/lang/Object;ILjava/lang/Class;)[Ljava/lang/Object; @ 24
Event: 1,051 Thread 0x00007f63b025c800 Uncommon trap: reason=class_check action=maybe_recompile pc=0x00007f63a127d5c0 method=java.util.Arrays.copyOf([Ljava/lang/Object;ILjava/lang/Class;)[Ljava/lang/Object; @ 24
Event: 5,033 Thread 0x00007f63b025c800 Uncommon trap: reason=unstable_if action=reinterpret pc=0x00007f63a1372460 method=ANN.Network.normalize(LANN/Neuron;)V @ 80
Event: 5,033 Thread 0x00007f63b025c800 Uncommon trap: reason=unstable_if action=reinterpret pc=0x00007f63a1366100 method=ANN.Network.normalize(LANN/Neuron;)V @ 80

Internal exceptions (10 events):
Event: 0,907 Thread 0x00007f63b025c800 Exception <a 'java/io/FileNotFoundException'> (0x00000000ec3019f0) thrown at [/HUDSON3/workspace/8-2-build-linux-amd64/jdk8u101/7261/hotspot/src/share/vm/prims/jni.cpp, line 709]
Event: 0,907 Thread 0x00007f63b025c800 Exception <a 'java/io/FileNotFoundException'> (0x00000000ec302ec0) thrown at [/HUDSON3/workspace/8-2-build-linux-amd64/jdk8u101/7261/hotspot/src/share/vm/prims/jni.cpp, line 709]
Event: 0,907 Thread 0x00007f63b025c800 Exception <a 'java/io/FileNotFoundException'> (0x00000000ec3043f0) thrown at [/HUDSON3/workspace/8-2-build-linux-amd64/jdk8u101/7261/hotspot/src/share/vm/prims/jni.cpp, line 709]
Event: 0,907 Thread 0x00007f63b025c800 Exception <a 'java/io/FileNotFoundException'> (0x00000000ec30ae58) thrown at [/HUDSON3/workspace/8-2-build-linux-amd64/jdk8u101/7261/hotspot/src/share/vm/prims/jni.cpp, line 709]
Event: 0,908 Thread 0x00007f63b025c800 Exception <a 'java/io/FileNotFoundException'> (0x00000000ec30c3c0) thrown at [/HUDSON3/workspace/8-2-build-linux-amd64/jdk8u101/7261/hotspot/src/share/vm/prims/jni.cpp, line 709]
Event: 0,908 Thread 0x00007f63b025c800 Exception <a 'java/io/FileNotFoundException'> (0x00000000ec30d918) thrown at [/HUDSON3/workspace/8-2-build-linux-amd64/jdk8u101/7261/hotspot/src/share/vm/prims/jni.cpp, line 709]
Event: 0,908 Thread 0x00007f63b025c800 Exception <a 'java/io/FileNotFoundException'> (0x00000000ec30ee40) thrown at [/HUDSON3/workspace/8-2-build-linux-amd64/jdk8u101/7261/hotspot/src/share/vm/prims/jni.cpp, line 709]
Event: 0,908 Thread 0x00007f63b025c800 Exception <a 'java/io/FileNotFoundException'> (0x00000000ec3153d8) thrown at [/HUDSON3/workspace/8-2-build-linux-amd64/jdk8u101/7261/hotspot/src/share/vm/prims/jni.cpp, line 709]
Event: 0,909 Thread 0x00007f63b025c800 Exception <a 'java/io/FileNotFoundException'> (0x00000000ec31a148) thrown at [/HUDSON3/workspace/8-2-build-linux-amd64/jdk8u101/7261/hotspot/src/share/vm/prims/jni.cpp, line 709]
Event: 1,128 Thread 0x00007f63b025c800 Exception <a 'java/lang/UnsupportedOperationException': > (0x00000000ec5d7748) thrown at [/HUDSON3/workspace/8-2-build-linux-amd64/jdk8u101/7261/hotspot/src/share/vm/prims/jni.cpp, line 735]

Events (10 events):
Event: 5,074 Thread 0x00007f63b025c800 DEOPT UNPACKING pc=0x00007f63a1047633 sp=0x00007f6367459ea8 mode 0
Event: 5,075 Thread 0x00007f63b025c800 DEOPT PACKING pc=0x00007f63a137ac8b sp=0x00007f636745a130
Event: 5,075 Thread 0x00007f63b025c800 DEOPT UNPACKING pc=0x00007f63a1047633 sp=0x00007f6367459ea8 mode 0
Event: 5,109 Executing VM operation: ParallelGCFailedAllocation
Event: 5,110 Executing VM operation: ParallelGCFailedAllocation done
Event: 5,115 Thread 0x00007f63b025c800 DEOPT PACKING pc=0x00007f63a136dc13 sp=0x00007f636745a1d0
Event: 5,116 Thread 0x00007f63b025c800 DEOPT UNPACKING pc=0x00007f63a1047633 sp=0x00007f6367459f48 mode 0
Event: 5,239 Executing VM operation: ParallelGCFailedAllocation
Event: 5,241 Executing VM operation: ParallelGCFailedAllocation done
Event: 5,479 Executing VM operation: ParallelGCFailedAllocation


Dynamic libraries:
00400000-00401000 r-xp 00000000 08:06 16257866                           /usr/lib/jvm/java-8-oracle/bin/java
00600000-00601000 rw-p 00000000 08:06 16257866                           /usr/lib/jvm/java-8-oracle/bin/java
00b18000-00b39000 rw-p 00000000 00:00 0                                  [heap]
c4000000-c6800000 rw-p 00000000 00:00 0 
c6800000-ec000000 ---p 00000000 00:00 0 
ec000000-f8780000 rw-p 00000000 00:00 0 
ffa80000-100000000 ---p 00000000 00:00 0 
100000000-100180000 rw-p 00000000 00:00 0 
100180000-140000000 ---p 00000000 00:00 0 
7f634c000000-7f634c2f4000 rw-p 00000000 00:00 0 
7f634c2f4000-7f6350000000 ---p 00000000 00:00 0 
7f6350000000-7f6350021000 rw-p 00000000 00:00 0 
7f6350021000-7f6354000000 ---p 00000000 00:00 0 
7f6354000000-7f6354026000 rw-p 00000000 00:00 0 
7f6354026000-7f6358000000 ---p 00000000 00:00 0 
7f6358000000-7f6358021000 rw-p 00000000 00:00 0 
7f6358021000-7f635c000000 ---p 00000000 00:00 0 
7f635c000000-7f635c021000 rw-p 00000000 00:00 0 
7f635c021000-7f6360000000 ---p 00000000 00:00 0 
7f6360000000-7f6360021000 rw-p 00000000 00:00 0 
7f6360021000-7f6364000000 ---p 00000000 00:00 0 
7f63666f8000-7f63666fb000 ---p 00000000 00:00 0 
7f63666fb000-7f63667f9000 rw-p 00000000 00:00 0 
7f6366acc000-7f6366b35000 r-xp 00000000 08:06 16257643                   /usr/lib/jvm/java-8-oracle/jre/lib/amd64/libt2k.so
7f6366b35000-7f6366d35000 ---p 00069000 08:06 16257643                   /usr/lib/jvm/java-8-oracle/jre/lib/amd64/libt2k.so
7f6366d35000-7f6366d3c000 rw-p 00069000 08:06 16257643                   /usr/lib/jvm/java-8-oracle/jre/lib/amd64/libt2k.so
7f6366d3c000-7f6366d4c000 rw-p 00000000 00:00 0 
7f6366d4c000-7f6366d5d000 r-xp 00000000 08:06 16257692                   /usr/lib/jvm/java-8-oracle/jre/lib/amd64/libnio.so
7f6366d5d000-7f6366f5c000 ---p 00011000 08:06 16257692                   /usr/lib/jvm/java-8-oracle/jre/lib/amd64/libnio.so
7f6366f5c000-7f6366f5d000 rw-p 00010000 08:06 16257692                   /usr/lib/jvm/java-8-oracle/jre/lib/amd64/libnio.so
7f6366f5d000-7f636705d000 rw-p 00000000 00:00 0 
7f636705d000-7f636715d000 ---p 00000000 00:00 0 
7f636715d000-7f636735d000 rw-p 00000000 00:00 0 
7f636735d000-7f6367360000 ---p 00000000 00:00 0 
7f6367360000-7f636745e000 rw-p 00000000 00:00 0 
7f636745e000-7f6367461000 ---p 00000000 00:00 0 
7f6367461000-7f636755f000 rw-p 00000000 00:00 0 
7f636755f000-7f6367562000 ---p 00000000 00:00 0 
7f6367562000-7f6367660000 rw-p 00000000 00:00 0 
7f6367660000-7f6367665000 r-xp 00000000 08:06 9182734                    /usr/lib/x86_64-linux-gnu/libXfixes.so.3.1.0
7f6367665000-7f6367864000 ---p 00005000 08:06 9182734                    /usr/lib/x86_64-linux-gnu/libXfixes.so.3.1.0
7f6367864000-7f6367865000 r--p 00004000 08:06 9182734                    /usr/lib/x86_64-linux-gnu/libXfixes.so.3.1.0
7f6367865000-7f6367866000 rw-p 00005000 08:06 9182734                    /usr/lib/x86_64-linux-gnu/libXfixes.so.3.1.0
7f6367866000-7f636786f000 r-xp 00000000 08:06 9182726                    /usr/lib/x86_64-linux-gnu/libXcursor.so.1.0.2
7f636786f000-7f6367a6e000 ---p 00009000 08:06 9182726                    /usr/lib/x86_64-linux-gnu/libXcursor.so.1.0.2
7f6367a6e000-7f6367a6f000 r--p 00008000 08:06 9182726                    /usr/lib/x86_64-linux-gnu/libXcursor.so.1.0.2
7f6367a6f000-7f6367a70000 rw-p 00009000 08:06 9182726                    /usr/lib/x86_64-linux-gnu/libXcursor.so.1.0.2
7f6367a70000-7f6367a73000 ---p 00000000 00:00 0 
7f6367a73000-7f6367b71000 rw-p 00000000 00:00 0 
7f6367b71000-7f6367b87000 r-xp 00000000 08:06 18354244                   /lib/x86_64-linux-gnu/libgcc_s.so.1
7f6367b87000-7f6367d86000 ---p 00016000 08:06 18354244                   /lib/x86_64-linux-gnu/libgcc_s.so.1
7f6367d86000-7f6367d87000 rw-p 00015000 08:06 18354244                   /lib/x86_64-linux-gnu/libgcc_s.so.1
7f6367d87000-7f6367dec000 r-xp 00000000 08:06 16257648                   /usr/lib/jvm/java-8-oracle/jre/lib/amd64/libfontmanager.so
7f6367dec000-7f6367feb000 ---p 00065000 08:06 16257648                   /usr/lib/jvm/java-8-oracle/jre/lib/amd64/libfontmanager.so
7f6367feb000-7f6367ff0000 rw-p 00064000 08:06 16257648                   /usr/lib/jvm/java-8-oracle/jre/lib/amd64/libfontmanager.so
7f6367ff0000-7f6368000000 rw-p 00000000 00:00 0 
7f6368000000-7f6368021000 rw-p 00000000 00:00 0 
7f6368021000-7f636c000000 ---p 00000000 00:00 0 
7f636c000000-7f636c021000 rw-p 00000000 00:00 0 
7f636c021000-7f6370000000 ---p 00000000 00:00 0 
7f6370000000-7f63702be000 rw-p 00000000 00:00 0 
7f63702be000-7f6374000000 ---p 00000000 00:00 0 
7f6374000000-7f6374407000 rw-p 00000000 00:00 0 
7f6374407000-7f6378000000 ---p 00000000 00:00 0 
7f6378000000-7f6378021000 rw-p 00000000 00:00 0 
7f6378021000-7f637c000000 ---p 00000000 00:00 0 
7f637c000000-7f637c27b000 rw-p 00000000 00:00 0 
7f637c27b000-7f6380000000 ---p 00000000 00:00 0 
7f6380000000-7f6380021000 rw-p 00000000 00:00 0 
7f6380021000-7f6384000000 ---p 00000000 00:00 0 
7f6384000000-7f6384021000 rw-p 00000000 00:00 0 
7f6384021000-7f6388000000 ---p 00000000 00:00 0 
7f6388000000-7f6388021000 rw-p 00000000 00:00 0 
7f6388021000-7f638c000000 ---p 00000000 00:00 0 
7f638c000000-7f638c28c000 rw-p 00000000 00:00 0 
7f638c28c000-7f6390000000 ---p 00000000 00:00 0 
7f6390000000-7f6390021000 rw-p 00000000 00:00 0 
7f6390021000-7f6394000000 ---p 00000000 00:00 0 
7f6394000000-7f6394021000 rw-p 00000000 00:00 0 
7f6394021000-7f6398000000 ---p 00000000 00:00 0 
7f6398000000-7f6398021000 rw-p 00000000 00:00 0 
7f6398021000-7f639c000000 ---p 00000000 00:00 0 
7f639c062000-7f639c063000 rw-p 00000000 00:00 0 
7f639c063000-7f639c064000 r--s 00000000 08:06 4980940                    /var/cache/fontconfig/c05880de57d1f5e948fdfacc138775d9-le64.cache-4
7f639c064000-7f639c06f000 r--s 00000000 08:06 4980934                    /var/cache/fontconfig/945677eb7aeaf62f1d50efc3fb3ec7d8-le64.cache-4
7f639c06f000-7f639c071000 r--s 00000000 08:06 4989694                    /var/cache/fontconfig/99e8ed0e538f840c565b6ed5dad60d56-le64.cache-4
7f639c071000-7f639c07a000 r--s 00000000 08:06 4989691                    /var/cache/fontconfig/a6d8cf8e4ec09cdbc8633c31745a07dd-le64.cache-4
7f639c07a000-7f639c080000 r--s 00000000 08:06 4980920                    /var/cache/fontconfig/2cd17615ca594fa2959ae173292e504c-le64.cache-4
7f639c080000-7f639c081000 r--s 00000000 08:06 4980950                    /var/cache/fontconfig/e7071f4a29fa870f4323321c154eba04-le64.cache-4
7f639c081000-7f639c082000 r--s 00000000 08:06 4980917                    /var/cache/fontconfig/0d8c3b2ac0904cb8a57a757ad11a4a08-le64.cache-4
7f639c082000-7f639c089000 r--s 00000000 08:06 4980937                    /var/cache/fontconfig/a755afe4a08bf5b97852ceb7400b47bc-le64.cache-4
7f639c089000-7f639c08d000 r--s 00000000 08:06 4983420                    /var/cache/fontconfig/6d41288fd70b0be22e8c3a91e032eec0-le64.cache-4
7f639c08d000-7f639c091000 r--s 00000000 08:06 4992061                    /var/cache/fontconfig/de156ccd2eddbdc19d37a45b8b2aac9c-le64.cache-4
7f639c091000-7f639c0cc000 r--s 00000000 08:06 4989906                    /var/cache/fontconfig/365b55f210c0a22e9a19e35191240f32-le64.cache-4
7f639c0cc000-7f639c0d1000 r-xp 00000000 08:06 9182730                    /usr/lib/x86_64-linux-gnu/libXdmcp.so.6.0.0
7f639c0d1000-7f639c2d0000 ---p 00005000 08:06 9182730                    /usr/lib/x86_64-linux-gnu/libXdmcp.so.6.0.0
7f639c2d0000-7f639c2d1000 r--p 00004000 08:06 9182730                    /usr/lib/x86_64-linux-gnu/libXdmcp.so.6.0.0
7f639c2d1000-7f639c2d2000 rw-p 00005000 08:06 9182730                    /usr/lib/x86_64-linux-gnu/libXdmcp.so.6.0.0
7f639c2d2000-7f639c2d4000 r-xp 00000000 08:06 9182719                    /usr/lib/x86_64-linux-gnu/libXau.so.6.0.0
7f639c2d4000-7f639c4d4000 ---p 00002000 08:06 9182719                    /usr/lib/x86_64-linux-gnu/libXau.so.6.0.0
7f639c4d4000-7f639c4d5000 r--p 00002000 08:06 9182719                    /usr/lib/x86_64-linux-gnu/libXau.so.6.0.0
7f639c4d5000-7f639c4d6000 rw-p 00003000 08:06 9182719                    /usr/lib/x86_64-linux-gnu/libXau.so.6.0.0
7f639c4d6000-7f639c4f3000 r-xp 00000000 08:06 9183785                    /usr/lib/x86_64-linux-gnu/libxcb.so.1.1.0
7f639c4f3000-7f639c6f3000 ---p 0001d000 08:06 9183785                    /usr/lib/x86_64-linux-gnu/libxcb.so.1.1.0
7f639c6f3000-7f639c6f4000 r--p 0001d000 08:06 9183785                    /usr/lib/x86_64-linux-gnu/libxcb.so.1.1.0
7f639c6f4000-7f639c6f5000 rw-p 0001e000 08:06 9183785                    /usr/lib/x86_64-linux-gnu/libxcb.so.1.1.0
7f639c6f5000-7f639c704000 r-xp 00000000 08:06 9182740                    /usr/lib/x86_64-linux-gnu/libXi.so.6.1.0
7f639c704000-7f639c903000 ---p 0000f000 08:06 9182740                    /usr/lib/x86_64-linux-gnu/libXi.so.6.1.0
7f639c903000-7f639c904000 r--p 0000e000 08:06 9182740                    /usr/lib/x86_64-linux-gnu/libXi.so.6.1.0
7f639c904000-7f639c905000 rw-p 0000f000 08:06 9182740                    /usr/lib/x86_64-linux-gnu/libXi.so.6.1.0
7f639c905000-7f639c90a000 r-xp 00000000 08:06 9182760                    /usr/lib/x86_64-linux-gnu/libXtst.so.6.1.0
7f639c90a000-7f639cb09000 ---p 00005000 08:06 9182760                    /usr/lib/x86_64-linux-gnu/libXtst.so.6.1.0
7f639cb09000-7f639cb0a000 r--p 00004000 08:06 9182760                    /usr/lib/x86_64-linux-gnu/libXtst.so.6.1.0
7f639cb0a000-7f639cb0b000 rw-p 00005000 08:06 9182760                    /usr/lib/x86_64-linux-gnu/libXtst.so.6.1.0
7f639cb0b000-7f639cb14000 r-xp 00000000 08:06 9182754                    /usr/lib/x86_64-linux-gnu/libXrender.so.1.3.0
7f639cb14000-7f639cd13000 ---p 00009000 08:06 9182754                    /usr/lib/x86_64-linux-gnu/libXrender.so.1.3.0
7f639cd13000-7f639cd14000 r--p 00008000 08:06 9182754                    /usr/lib/x86_64-linux-gnu/libXrender.so.1.3.0
7f639cd14000-7f639cd15000 rw-p 00009000 08:06 9182754                    /usr/lib/x86_64-linux-gnu/libXrender.so.1.3.0
7f639cd15000-7f639ce45000 r-xp 00000000 08:06 9182715                    /usr/lib/x86_64-linux-gnu/libX11.so.6.3.0
7f639ce45000-7f639d045000 ---p 00130000 08:06 9182715                    /usr/lib/x86_64-linux-gnu/libX11.so.6.3.0
7f639d045000-7f639d046000 r--p 00130000 08:06 9182715                    /usr/lib/x86_64-linux-gnu/libX11.so.6.3.0
7f639d046000-7f639d04a000 rw-p 00131000 08:06 9182715                    /usr/lib/x86_64-linux-gnu/libX11.so.6.3.0
7f639d04a000-7f639d05b000 r-xp 00000000 08:06 9182732                    /usr/lib/x86_64-linux-gnu/libXext.so.6.4.0
7f639d05b000-7f639d25a000 ---p 00011000 08:06 9182732                    /usr/lib/x86_64-linux-gnu/libXext.so.6.4.0
7f639d25a000-7f639d25b000 r--p 00010000 08:06 9182732                    /usr/lib/x86_64-linux-gnu/libXext.so.6.4.0
7f639d25b000-7f639d25c000 rw-p 00011000 08:06 9182732                    /usr/lib/x86_64-linux-gnu/libXext.so.6.4.0
7f639d25c000-7f639d2b0000 r-xp 00000000 08:06 16257683                   /usr/lib/jvm/java-8-oracle/jre/lib/amd64/libawt_xawt.so
7f639d2b0000-7f639d4b0000 ---p 00054000 08:06 16257683                   /usr/lib/jvm/java-8-oracle/jre/lib/amd64/libawt_xawt.so
7f639d4b0000-7f639d4b4000 rw-p 00054000 08:06 16257683                   /usr/lib/jvm/java-8-oracle/jre/lib/amd64/libawt_xawt.so
7f639d4b4000-7f639d4b5000 rw-p 00000000 00:00 0 
7f639d4b5000-7f639d557000 r-xp 00000000 08:06 16257688                   /usr/lib/jvm/java-8-oracle/jre/lib/amd64/libawt.so
7f639d557000-7f639d757000 ---p 000a2000 08:06 16257688                   /usr/lib/jvm/java-8-oracle/jre/lib/amd64/libawt.so
7f639d757000-7f639d763000 rw-p 000a2000 08:06 16257688                   /usr/lib/jvm/java-8-oracle/jre/lib/amd64/libawt.so
7f639d763000-7f639d787000 rw-p 00000000 00:00 0 
7f639d787000-7f639d79d000 r-xp 00000000 08:06 16257687                   /usr/lib/jvm/java-8-oracle/jre/lib/amd64/libnet.so
7f639d79d000-7f639d99d000 ---p 00016000 08:06 16257687                   /usr/lib/jvm/java-8-oracle/jre/lib/amd64/libnet.so
7f639d99d000-7f639d99e000 rw-p 00016000 08:06 16257687                   /usr/lib/jvm/java-8-oracle/jre/lib/amd64/libnet.so
7f639d99e000-7f639d9a1000 ---p 00000000 00:00 0 
7f639d9a1000-7f639da9f000 rw-p 00000000 00:00 0 
7f639da9f000-7f639daa0000 r-xp 00000000 00:1c 19402208                   /home/bianca/IDEs/idea-IC-145.258.11/bin/libbreakgen64.so
7f639daa0000-7f639dc9f000 ---p 00001000 00:1c 19402208                   /home/bianca/IDEs/idea-IC-145.258.11/bin/libbreakgen64.so
7f639dc9f000-7f639dca0000 r--p 00000000 00:1c 19402208                   /home/bianca/IDEs/idea-IC-145.258.11/bin/libbreakgen64.so
7f639dca0000-7f639dca1000 rw-p 00001000 00:1c 19402208                   /home/bianca/IDEs/idea-IC-145.258.11/bin/libbreakgen64.so
7f639dca1000-7f639dca2000 ---p 00000000 00:00 0 
7f639dca2000-7f639dda2000 rw-p 00000000 00:00 0 
7f639dda2000-7f639dda5000 ---p 00000000 00:00 0 
7f639dda5000-7f639dea3000 rw-p 00000000 00:00 0 
7f639dea3000-7f639dea6000 ---p 00000000 00:00 0 
7f639dea6000-7f639dfa4000 rw-p 00000000 00:00 0 
7f639dfa4000-7f639dfa7000 ---p 00000000 00:00 0 
7f639dfa7000-7f639e0a5000 rw-p 00000000 00:00 0 
7f639e0a5000-7f639e0a8000 ---p 00000000 00:00 0 
7f639e0a8000-7f639e1a6000 rw-p 00000000 00:00 0 
7f639e1a6000-7f639e1a9000 ---p 00000000 00:00 0 
7f639e1a9000-7f639e2a7000 rw-p 00000000 00:00 0 
7f639e2a7000-7f639eaf9000 r--p 00000000 08:06 9181791                    /usr/lib/locale/locale-archive
7f639eaf9000-7f639eafc000 ---p 00000000 00:00 0 
7f639eafc000-7f639ebfa000 rw-p 00000000 00:00 0 
7f639ebfa000-7f639ebfd000 ---p 00000000 00:00 0 
7f639ebfd000-7f639ecfb000 rw-p 00000000 00:00 0 
7f639ecfb000-7f639ecfc000 ---p 00000000 00:00 0 
7f639ecfc000-7f63a1000000 rw-p 00000000 00:00 0 
7f63a1000000-7f63a1390000 rwxp 00000000 00:00 0 
7f63a1390000-7f63b0000000 ---p 00000000 00:00 0 
7f63b0000000-7f63b025f000 rw-p 00000000 00:00 0 
7f63b025f000-7f63b4000000 ---p 00000000 00:00 0 
7f63b4000000-7f63b4014000 r--s 00000000 08:06 4980915                    /var/cache/fontconfig/04aabc0a78ac019cf9454389977116d2-le64.cache-4
7f63b4014000-7f63b4015000 r--s 00000000 08:06 4980919                    /var/cache/fontconfig/1ac9eb803944fde146138c791f5cc56a-le64.cache-4
7f63b4015000-7f63b4019000 r--s 00000000 08:06 4980923                    /var/cache/fontconfig/385c0604a188198f04d133e54aba7fe7-le64.cache-4
7f63b4019000-7f63b401a000 r--s 00000000 08:06 4980947                    /var/cache/fontconfig/dc05db6664285cc2f12bf69c139ae4c3-le64.cache-4
7f63b401a000-7f63b401c000 r--s 00000000 08:06 4980931                    /var/cache/fontconfig/767a8244fc0220cfb567a839d0392e0b-le64.cache-4
7f63b401c000-7f63b401d000 r--s 00000000 08:06 4982848                    /var/cache/fontconfig/4794a0821666d79190d59a36cb4f44b5-le64.cache-4
7f63b401d000-7f63b4022000 r--s 00000000 08:06 4980933                    /var/cache/fontconfig/8801497958630a81b71ace7c5f9b32a8-le64.cache-4
7f63b4022000-7f63b4029000 r--s 00000000 08:06 4980921                    /var/cache/fontconfig/3047814df9a2f067bd2d96a2b9c36e5a-le64.cache-4
7f63b4029000-7f63b402a000 r--s 00000000 08:06 4980927                    /var/cache/fontconfig/56cf4f4769d0f4abc89a4895d7bd3ae1-le64.cache-4
7f63b402a000-7f63b402b000 r--s 00000000 08:06 4980939                    /var/cache/fontconfig/b9d506c9ac06c20b433354fa67a72993-le64.cache-4
7f63b402b000-7f63b4031000 r--s 00000000 08:06 4980938                    /var/cache/fontconfig/b47c4e1ecd0709278f4910c18777a504-le64.cache-4
7f63b4031000-7f63b403a000 r--s 00000000 08:06 4989690                    /var/cache/fontconfig/52f7bdb7ce746bfd7eaa1985bd9cfa93-le64.cache-4
7f63b403a000-7f63b404d000 r--s 00000000 08:06 4980944                    /var/cache/fontconfig/d52a8644073d54c13679302ca1180695-le64.cache-4
7f63b404d000-7f63b4056000 r--s 00000000 08:06 4980924                    /var/cache/fontconfig/3f7329c5293ffd510edef78f73874cfd-le64.cache-4
7f63b4056000-7f63b405a000 r--s 00000000 08:06 4980945                    /var/cache/fontconfig/d589a48862398ed80a3d6066f4f56f4c-le64.cache-4
7f63b405a000-7f63b405b000 r--s 00000000 08:06 4980916                    /var/cache/fontconfig/0c9eb80ebd1c36541ebe2852d3bb0c49-le64.cache-4
7f63b405b000-7f63b4068000 r--s 00000000 08:06 4982948                    /var/cache/fontconfig/e13b20fdb08344e0e664864cc2ede53d-le64.cache-4
7f63b4068000-7f63b406c000 r--s 00000000 08:06 4992060                    /var/cache/fontconfig/7ef2298fde41cc6eeb7af42e48b7d293-le64.cache-4
7f63b406c000-7f63b409d000 rw-p 00000000 00:00 0 
7f63b409d000-7f63b409f000 r--s 0001e000 00:1c 19536875                   /home/bianca/IDEs/idea-IC-145.258.11/lib/idea_rt.jar
7f63b409f000-7f63b40b2000 r--s 00345000 08:06 15864925                   /usr/lib/jvm/java-8-oracle/jre/lib/resources.jar
7f63b40b2000-7f63b40c5000 r--s 000d6000 08:06 15864905                   /usr/lib/jvm/java-8-oracle/jre/lib/plugin.jar
7f63b40c5000-7f63b40c9000 r--s 00097000 08:06 15864886                   /usr/lib/jvm/java-8-oracle/jre/lib/jsse.jar
7f63b40c9000-7f63b40cb000 r--s 00007000 08:06 15864899                   /usr/lib/jvm/java-8-oracle/jre/lib/jfxswt.jar
7f63b40cb000-7f63b40d0000 r--s 00084000 08:06 15864933                   /usr/lib/jvm/java-8-oracle/jre/lib/jfr.jar
7f63b40d0000-7f63b40da000 r--s 0006c000 08:06 15864927                   /usr/lib/jvm/java-8-oracle/jre/lib/javaws.jar
7f63b40da000-7f63b40f5000 r--s 00208000 08:06 15864917                   /usr/lib/jvm/java-8-oracle/jre/lib/deploy.jar
7f63b40f5000-7f63b4ca5000 rw-p 00000000 00:00 0 
7f63b4ca5000-7f63b4e7e000 r--s 03d29000 08:06 15864934                   /usr/lib/jvm/java-8-oracle/jre/lib/rt.jar
7f63b4e7e000-7f63b58d4000 rw-p 00000000 00:00 0 
7f63b58d4000-7f63b58d5000 ---p 00000000 00:00 0 
7f63b58d5000-7f63b59d5000 rw-p 00000000 00:00 0 
7f63b59d5000-7f63b59d6000 ---p 00000000 00:00 0 
7f63b59d6000-7f63b5ad6000 rw-p 00000000 00:00 0 
7f63b5ad6000-7f63b5ad7000 ---p 00000000 00:00 0 
7f63b5ad7000-7f63b5bd7000 rw-p 00000000 00:00 0 
7f63b5bd7000-7f63b5bd8000 ---p 00000000 00:00 0 
7f63b5bd8000-7f63b5cec000 rw-p 00000000 00:00 0 
7f63b5cec000-7f63b5e18000 ---p 00000000 00:00 0 
7f63b5e18000-7f63b5e2c000 rw-p 00000000 00:00 0 
7f63b5e2c000-7f63b5f58000 ---p 00000000 00:00 0 
7f63b5f58000-7f63b5fbc000 rw-p 00000000 00:00 0 
7f63b5fbc000-7f63b5ff8000 ---p 00000000 00:00 0 
7f63b5ff8000-7f63b6008000 rw-p 00000000 00:00 0 
7f63b6008000-7f63b63b9000 ---p 00000000 00:00 0 
7f63b63b9000-7f63b63d3000 r-xp 00000000 08:06 16257672                   /usr/lib/jvm/java-8-oracle/jre/lib/amd64/libzip.so
7f63b63d3000-7f63b65d3000 ---p 0001a000 08:06 16257672                   /usr/lib/jvm/java-8-oracle/jre/lib/amd64/libzip.so
7f63b65d3000-7f63b65d4000 rw-p 0001a000 08:06 16257672                   /usr/lib/jvm/java-8-oracle/jre/lib/amd64/libzip.so
7f63b65d4000-7f63b65de000 r-xp 00000000 08:06 18355465                   /lib/x86_64-linux-gnu/libnss_files-2.19.so
7f63b65de000-7f63b67dd000 ---p 0000a000 08:06 18355465                   /lib/x86_64-linux-gnu/libnss_files-2.19.so
7f63b67dd000-7f63b67de000 r--p 00009000 08:06 18355465                   /lib/x86_64-linux-gnu/libnss_files-2.19.so
7f63b67de000-7f63b67df000 rw-p 0000a000 08:06 18355465                   /lib/x86_64-linux-gnu/libnss_files-2.19.so
7f63b67df000-7f63b67ea000 r-xp 00000000 08:06 18354422                   /lib/x86_64-linux-gnu/libnss_nis-2.19.so
7f63b67ea000-7f63b69e9000 ---p 0000b000 08:06 18354422                   /lib/x86_64-linux-gnu/libnss_nis-2.19.so
7f63b69e9000-7f63b69ea000 r--p 0000a000 08:06 18354422                   /lib/x86_64-linux-gnu/libnss_nis-2.19.so
7f63b69ea000-7f63b69eb000 rw-p 0000b000 08:06 18354422                   /lib/x86_64-linux-gnu/libnss_nis-2.19.so
7f63b69eb000-7f63b6a02000 r-xp 00000000 08:06 18354393                   /lib/x86_64-linux-gnu/libnsl-2.19.so
7f63b6a02000-7f63b6c01000 ---p 00017000 08:06 18354393                   /lib/x86_64-linux-gnu/libnsl-2.19.so
7f63b6c01000-7f63b6c02000 r--p 00016000 08:06 18354393                   /lib/x86_64-linux-gnu/libnsl-2.19.so
7f63b6c02000-7f63b6c03000 rw-p 00017000 08:06 18354393                   /lib/x86_64-linux-gnu/libnsl-2.19.so
7f63b6c03000-7f63b6c05000 rw-p 00000000 00:00 0 
7f63b6c05000-7f63b6c0e000 r-xp 00000000 08:06 18354387                   /lib/x86_64-linux-gnu/libnss_compat-2.19.so
7f63b6c0e000-7f63b6e0d000 ---p 00009000 08:06 18354387                   /lib/x86_64-linux-gnu/libnss_compat-2.19.so
7f63b6e0d000-7f63b6e0e000 r--p 00008000 08:06 18354387                   /lib/x86_64-linux-gnu/libnss_compat-2.19.so
7f63b6e0e000-7f63b6e0f000 rw-p 00009000 08:06 18354387                   /lib/x86_64-linux-gnu/libnss_compat-2.19.so
7f63b6e0f000-7f63b6e39000 r-xp 00000000 08:06 16257632                   /usr/lib/jvm/java-8-oracle/jre/lib/amd64/libjava.so
7f63b6e39000-7f63b7039000 ---p 0002a000 08:06 16257632                   /usr/lib/jvm/java-8-oracle/jre/lib/amd64/libjava.so
7f63b7039000-7f63b703b000 rw-p 0002a000 08:06 16257632                   /usr/lib/jvm/java-8-oracle/jre/lib/amd64/libjava.so
7f63b703b000-7f63b7048000 r-xp 00000000 08:06 16257633                   /usr/lib/jvm/java-8-oracle/jre/lib/amd64/libverify.so
7f63b7048000-7f63b7248000 ---p 0000d000 08:06 16257633                   /usr/lib/jvm/java-8-oracle/jre/lib/amd64/libverify.so
7f63b7248000-7f63b724a000 rw-p 0000d000 08:06 16257633                   /usr/lib/jvm/java-8-oracle/jre/lib/amd64/libverify.so
7f63b724a000-7f63b7251000 r-xp 00000000 08:06 18355457                   /lib/x86_64-linux-gnu/librt-2.19.so
7f63b7251000-7f63b7450000 ---p 00007000 08:06 18355457                   /lib/x86_64-linux-gnu/librt-2.19.so
7f63b7450000-7f63b7451000 r--p 00006000 08:06 18355457                   /lib/x86_64-linux-gnu/librt-2.19.so
7f63b7451000-7f63b7452000 rw-p 00007000 08:06 18355457                   /lib/x86_64-linux-gnu/librt-2.19.so
7f63b7452000-7f63b7557000 r-xp 00000000 08:06 18351175                   /lib/x86_64-linux-gnu/libm-2.19.so
7f63b7557000-7f63b7756000 ---p 00105000 08:06 18351175                   /lib/x86_64-linux-gnu/libm-2.19.so
7f63b7756000-7f63b7757000 r--p 00104000 08:06 18351175                   /lib/x86_64-linux-gnu/libm-2.19.so
7f63b7757000-7f63b7758000 rw-p 00105000 08:06 18351175                   /lib/x86_64-linux-gnu/libm-2.19.so
7f63b7758000-7f63b8423000 r-xp 00000000 08:06 16257667                   /usr/lib/jvm/java-8-oracle/jre/lib/amd64/server/libjvm.so
7f63b8423000-7f63b8622000 ---p 00ccb000 08:06 16257667                   /usr/lib/jvm/java-8-oracle/jre/lib/amd64/server/libjvm.so
7f63b8622000-7f63b86fb000 rw-p 00cca000 08:06 16257667                   /usr/lib/jvm/java-8-oracle/jre/lib/amd64/server/libjvm.so
7f63b86fb000-7f63b8746000 rw-p 00000000 00:00 0 
7f63b8746000-7f63b8900000 r-xp 00000000 08:06 18355459                   /lib/x86_64-linux-gnu/libc-2.19.so
7f63b8900000-7f63b8b00000 ---p 001ba000 08:06 18355459                   /lib/x86_64-linux-gnu/libc-2.19.so
7f63b8b00000-7f63b8b04000 r--p 001ba000 08:06 18355459                   /lib/x86_64-linux-gnu/libc-2.19.so
7f63b8b04000-7f63b8b06000 rw-p 001be000 08:06 18355459                   /lib/x86_64-linux-gnu/libc-2.19.so
7f63b8b06000-7f63b8b0b000 rw-p 00000000 00:00 0 
7f63b8b0b000-7f63b8b0e000 r-xp 00000000 08:06 18354357                   /lib/x86_64-linux-gnu/libdl-2.19.so
7f63b8b0e000-7f63b8d0d000 ---p 00003000 08:06 18354357                   /lib/x86_64-linux-gnu/libdl-2.19.so
7f63b8d0d000-7f63b8d0e000 r--p 00002000 08:06 18354357                   /lib/x86_64-linux-gnu/libdl-2.19.so
7f63b8d0e000-7f63b8d0f000 rw-p 00003000 08:06 18354357                   /lib/x86_64-linux-gnu/libdl-2.19.so
7f63b8d0f000-7f63b8d24000 r-xp 00000000 08:06 16914894                   /usr/lib/jvm/java-8-oracle/lib/amd64/jli/libjli.so
7f63b8d24000-7f63b8f24000 ---p 00015000 08:06 16914894                   /usr/lib/jvm/java-8-oracle/lib/amd64/jli/libjli.so
7f63b8f24000-7f63b8f25000 rw-p 00015000 08:06 16914894                   /usr/lib/jvm/java-8-oracle/lib/amd64/jli/libjli.so
7f63b8f25000-7f63b8f3e000 r-xp 00000000 08:06 18354395                   /lib/x86_64-linux-gnu/libpthread-2.19.so
7f63b8f3e000-7f63b913d000 ---p 00019000 08:06 18354395                   /lib/x86_64-linux-gnu/libpthread-2.19.so
7f63b913d000-7f63b913e000 r--p 00018000 08:06 18354395                   /lib/x86_64-linux-gnu/libpthread-2.19.so
7f63b913e000-7f63b913f000 rw-p 00019000 08:06 18354395                   /lib/x86_64-linux-gnu/libpthread-2.19.so
7f63b913f000-7f63b9143000 rw-p 00000000 00:00 0 
7f63b9143000-7f63b9166000 r-xp 00000000 08:06 18354409                   /lib/x86_64-linux-gnu/ld-2.19.so
7f63b9166000-7f63b916b000 r--s 002f9000 08:06 15864921                   /usr/lib/jvm/java-8-oracle/jre/lib/charsets.jar
7f63b916b000-7f63b923d000 rw-p 00000000 00:00 0 
7f63b923d000-7f63b9240000 ---p 00000000 00:00 0 
7f63b9240000-7f63b9342000 rw-p 00000000 00:00 0 
7f63b9342000-7f63b9343000 r--s 00000000 08:06 15864908                   /usr/lib/jvm/java-8-oracle/jre/lib/management-agent.jar
7f63b9343000-7f63b9346000 r--s 0001a000 08:06 15864915                   /usr/lib/jvm/java-8-oracle/jre/lib/jce.jar
7f63b9346000-7f63b9359000 rw-p 00000000 00:00 0 
7f63b9359000-7f63b9361000 rw-s 00000000 08:06 17442578                   /tmp/hsperfdata_bianca/11941
7f63b9361000-7f63b9362000 rw-p 00000000 00:00 0 
7f63b9362000-7f63b9363000 ---p 00000000 00:00 0 
7f63b9363000-7f63b9365000 rw-p 00000000 00:00 0 
7f63b9365000-7f63b9366000 r--p 00022000 08:06 18354409                   /lib/x86_64-linux-gnu/ld-2.19.so
7f63b9366000-7f63b9367000 rw-p 00023000 08:06 18354409                   /lib/x86_64-linux-gnu/ld-2.19.so
7f63b9367000-7f63b9368000 rw-p 00000000 00:00 0 
7fffe832e000-7fffe834f000 rw-p 00000000 00:00 0                          [stack]
7fffe83b4000-7fffe83b6000 r--p 00000000 00:00 0                          [vvar]
7fffe83b6000-7fffe83b8000 r-xp 00000000 00:00 0                          [vdso]
ffffffffff600000-ffffffffff601000 r-xp 00000000 00:00 0                  [vsyscall]

VM Arguments:
jvm_args: -Didea.launcher.port=7537 -Didea.launcher.bin.path=/home/bianca/IDEs/idea-IC-145.258.11/bin -Dfile.encoding=UTF-8 
java_command: com.intellij.rt.execution.application.AppMain Main
java_class_path (initial): /usr/lib/jvm/java-8-oracle/jre/lib/charsets.jar:/usr/lib/jvm/java-8-oracle/jre/lib/deploy.jar:/usr/lib/jvm/java-8-oracle/jre/lib/ext/cldrdata.jar:/usr/lib/jvm/java-8-oracle/jre/lib/ext/dnsns.jar:/usr/lib/jvm/java-8-oracle/jre/lib/ext/jaccess.jar:/usr/lib/jvm/java-8-oracle/jre/lib/ext/jfxrt.jar:/usr/lib/jvm/java-8-oracle/jre/lib/ext/localedata.jar:/usr/lib/jvm/java-8-oracle/jre/lib/ext/nashorn.jar:/usr/lib/jvm/java-8-oracle/jre/lib/ext/sunec.jar:/usr/lib/jvm/java-8-oracle/jre/lib/ext/sunjce_provider.jar:/usr/lib/jvm/java-8-oracle/jre/lib/ext/sunpkcs11.jar:/usr/lib/jvm/java-8-oracle/jre/lib/ext/zipfs.jar:/usr/lib/jvm/java-8-oracle/jre/lib/javaws.jar:/usr/lib/jvm/java-8-oracle/jre/lib/jce.jar:/usr/lib/jvm/java-8-oracle/jre/lib/jfr.jar:/usr/lib/jvm/java-8-oracle/jre/lib/jfxswt.jar:/usr/lib/jvm/java-8-oracle/jre/lib/jsse.jar:/usr/lib/jvm/java-8-oracle/jre/lib/management-agent.jar:/usr/lib/jvm/java-8-oracle/jre/lib/plugin.jar:/usr/lib/jvm/java-8-oracle/jre/lib/resources.jar:/usr/lib/jvm/java-8-oracle/jre/lib/rt.jar:/home/bianca/CS/licenta/app/out/production/MarketPrediction_v001:/home/bianca/IDEs/idea-IC-145.258.11/lib/idea_rt.jar
Launcher Type: SUN_STANDARD

Environment Variables:
PATH=/usr/local/sbin:/usr/local/bin:/usr/sbin:/usr/bin:/sbin:/bin:/usr/games:/usr/local/games
LD_LIBRARY_PATH=/home/bianca/IDEs/idea-IC-145.258.11/bin:
SHELL=/bin/bash
DISPLAY=:0

Signal Handlers:
SIGSEGV: [libjvm.so+0xac4790], sa_mask[0]=11111111011111111101111111111110, sa_flags=SA_RESTART|SA_SIGINFO
SIGBUS: [libjvm.so+0xac4790], sa_mask[0]=11111111011111111101111111111110, sa_flags=SA_RESTART|SA_SIGINFO
SIGFPE: [libjvm.so+0x91f140], sa_mask[0]=11111111011111111101111111111110, sa_flags=SA_RESTART|SA_SIGINFO
SIGPIPE: [libjvm.so+0x91f140], sa_mask[0]=11111111011111111101111111111110, sa_flags=SA_RESTART|SA_SIGINFO
SIGXFSZ: [libjvm.so+0x91f140], sa_mask[0]=11111111011111111101111111111110, sa_flags=SA_RESTART|SA_SIGINFO
SIGILL: [libjvm.so+0x91f140], sa_mask[0]=11111111011111111101111111111110, sa_flags=SA_RESTART|SA_SIGINFO
SIGUSR1: SIG_DFL, sa_mask[0]=00000000000000000000000000000000, sa_flags=none
SIGUSR2: [libjvm.so+0x920770], sa_mask[0]=00100000000000000000000000000000, sa_flags=SA_RESTART|SA_SIGINFO
SIGHUP: [libjvm.so+0x921b70], sa_mask[0]=11111111011111111101111111111110, sa_flags=SA_RESTART|SA_SIGINFO
SIGINT: [libjvm.so+0x921b70], sa_mask[0]=11111111011111111101111111111110, sa_flags=SA_RESTART|SA_SIGINFO
SIGTERM: [libjvm.so+0x921b70], sa_mask[0]=11111111011111111101111111111110, sa_flags=SA_RESTART|SA_SIGINFO
SIGQUIT: [libjvm.so+0x921b70], sa_mask[0]=11111111011111111101111111111110, sa_flags=SA_RESTART|SA_SIGINFO


---------------  S Y S T E M  ---------------

OS:DISTRIB_ID=Ubuntu
DISTRIB_RELEASE=14.04
DISTRIB_CODENAME=trusty
DISTRIB_DESCRIPTION="Ubuntu 14.04.5 LTS"

uname:Linux 3.19.0-66-generic #74~14.04.1-Ubuntu SMP Tue Jul 19 19:56:11 UTC 2016 x86_64
libc:glibc 2.19 NPTL 2.19 
rlimit: STACK 8192k, CORE 0k, NPROC 14453, NOFILE 4096, AS infinity
load average:1,61 0,88 0,66

/proc/meminfo:
MemTotal:        3928200 kB
MemFree:          117488 kB
MemAvailable:      82792 kB
Buffers:             692 kB
Cached:           222488 kB
SwapCached:            0 kB
Active:          3361596 kB
Inactive:         189252 kB
Active(anon):    3330916 kB
Inactive(anon):   156816 kB
Active(file):      30680 kB
Inactive(file):    32436 kB
Unevictable:         428 kB
Mlocked:             428 kB
SwapTotal:             0 kB
SwapFree:              0 kB
Dirty:              1716 kB
Writeback:             0 kB
AnonPages:       3328216 kB
Mapped:           249928 kB
Shmem:            159944 kB
Slab:              84168 kB
SReclaimable:      36428 kB
SUnreclaim:        47740 kB
KernelStack:       12080 kB
PageTables:        54140 kB
NFS_Unstable:          0 kB
Bounce:                0 kB
WritebackTmp:          0 kB
CommitLimit:     1964100 kB
Committed_AS:    9168196 kB
VmallocTotal:   34359738367 kB
VmallocUsed:      383780 kB
VmallocChunk:   34359350780 kB
HardwareCorrupted:     0 kB
AnonHugePages:    929792 kB
CmaTotal:              0 kB
CmaFree:               0 kB
HugePages_Total:       0
HugePages_Free:        0
HugePages_Rsvd:        0
HugePages_Surp:        0
Hugepagesize:       2048 kB
DirectMap4k:      313124 kB
DirectMap2M:     3762176 kB
DirectMap1G:           0 kB


CPU:total 4 (2 cores per cpu, 2 threads per core) family 6 model 69 stepping 1, cmov, cx8, fxsr, mmx, sse, sse2, sse3, ssse3, sse4.1, sse4.2, popcnt, avx, avx2, aes, clmul, erms, lzcnt, ht, tsc, tscinvbit, bmi1, bmi2

/proc/cpuinfo:
processor	: 0
vendor_id	: GenuineIntel
cpu family	: 6
model		: 69
model name	: Intel(R) Core(TM) i5-4210U CPU @ 1.70GHz
stepping	: 1
microcode	: 0x17
cpu MHz		: 2248.781
cache size	: 3072 KB
physical id	: 0
siblings	: 4
core id		: 0
cpu cores	: 2
apicid		: 0
initial apicid	: 0
fpu		: yes
fpu_exception	: yes
cpuid level	: 13
wp		: yes
flags		: fpu vme de pse tsc msr pae mce cx8 apic sep mtrr pge mca cmov pat pse36 clflush dts acpi mmx fxsr sse sse2 ss ht tm pbe syscall nx pdpe1gb rdtscp lm constant_tsc arch_perfmon pebs bts rep_good nopl xtopology nonstop_tsc aperfmperf eagerfpu pni pclmulqdq dtes64 monitor ds_cpl vmx est tm2 ssse3 fma cx16 xtpr pdcm pcid sse4_1 sse4_2 movbe popcnt tsc_deadline_timer aes xsave avx f16c rdrand lahf_lm abm ida arat epb pln pts dtherm tpr_shadow vnmi flexpriority ept vpid fsgsbase tsc_adjust bmi1 avx2 smep bmi2 erms invpcid xsaveopt
bugs		:
bogomips	: 4788.81
clflush size	: 64
cache_alignment	: 64
address sizes	: 39 bits physical, 48 bits virtual
power management:

processor	: 1
vendor_id	: GenuineIntel
cpu family	: 6
model		: 69
model name	: Intel(R) Core(TM) i5-4210U CPU @ 1.70GHz
stepping	: 1
microcode	: 0x17
cpu MHz		: 989.156
cache size	: 3072 KB
physical id	: 0
siblings	: 4
core id		: 1
cpu cores	: 2
apicid		: 2
initial apicid	: 2
fpu		: yes
fpu_exception	: yes
cpuid level	: 13
wp		: yes
flags		: fpu vme de pse tsc msr pae mce cx8 apic sep mtrr pge mca cmov pat pse36 clflush dts acpi mmx fxsr sse sse2 ss ht tm pbe syscall nx pdpe1gb rdtscp lm constant_tsc arch_perfmon pebs bts rep_good nopl xtopology nonstop_tsc aperfmperf eagerfpu pni pclmulqdq dtes64 monitor ds_cpl vmx est tm2 ssse3 fma cx16 xtpr pdcm pcid sse4_1 sse4_2 movbe popcnt tsc_deadline_timer aes xsave avx f16c rdrand lahf_lm abm ida arat epb pln pts dtherm tpr_shadow vnmi flexpriority ept vpid fsgsbase tsc_adjust bmi1 avx2 smep bmi2 erms invpcid xsaveopt
bugs		:
bogomips	: 4788.81
clflush size	: 64
cache_alignment	: 64
address sizes	: 39 bits physical, 48 bits virtual
power management:

processor	: 2
vendor_id	: GenuineIntel
cpu family	: 6
model		: 69
model name	: Intel(R) Core(TM) i5-4210U CPU @ 1.70GHz
stepping	: 1
microcode	: 0x17
cpu MHz		: 1700.531
cache size	: 3072 KB
physical id	: 0
siblings	: 4
core id		: 0
cpu cores	: 2
apicid		: 1
initial apicid	: 1
fpu		: yes
fpu_exception	: yes
cpuid level	: 13
wp		: yes
flags		: fpu vme de pse tsc msr pae mce cx8 apic sep mtrr pge mca cmov pat pse36 clflush dts acpi mmx fxsr sse sse2 ss ht tm pbe syscall nx pdpe1gb rdtscp lm constant_tsc arch_perfmon pebs bts rep_good nopl xtopology nonstop_tsc aperfmperf eagerfpu pni pclmulqdq dtes64 monitor ds_cpl vmx est tm2 ssse3 fma cx16 xtpr pdcm pcid sse4_1 sse4_2 movbe popcnt tsc_deadline_timer aes xsave avx f16c rdrand lahf_lm abm ida arat epb pln pts dtherm tpr_shadow vnmi flexpriority ept vpid fsgsbase tsc_adjust bmi1 avx2 smep bmi2 erms invpcid xsaveopt
bugs		:
bogomips	: 4788.81
clflush size	: 64
cache_alignment	: 64
address sizes	: 39 bits physical, 48 bits virtual
power management:

processor	: 3
vendor_id	: GenuineIntel
cpu family	: 6
model		: 69
model name	: Intel(R) Core(TM) i5-4210U CPU @ 1.70GHz
stepping	: 1
microcode	: 0x17
cpu MHz		: 1547.531
cache size	: 3072 KB
physical id	: 0
siblings	: 4
core id		: 1
cpu cores	: 2
apicid		: 3
initial apicid	: 3
fpu		: yes
fpu_exception	: yes
cpuid level	: 13
wp		: yes
flags		: fpu vme de pse tsc msr pae mce cx8 apic sep mtrr pge mca cmov pat pse36 clflush dts acpi mmx fxsr sse sse2 ss ht tm pbe syscall nx pdpe1gb rdtscp lm constant_tsc arch_perfmon pebs bts rep_good nopl xtopology nonstop_tsc aperfmperf eagerfpu pni pclmulqdq dtes64 monitor ds_cpl vmx est tm2 ssse3 fma cx16 xtpr pdcm pcid sse4_1 sse4_2 movbe popcnt tsc_deadline_timer aes xsave avx f16c rdrand lahf_lm abm ida arat epb pln pts dtherm tpr_shadow vnmi flexpriority ept vpid fsgsbase tsc_adjust bmi1 avx2 smep bmi2 erms invpcid xsaveopt
bugs		:
bogomips	: 4788.81
clflush size	: 64
cache_alignment	: 64
address sizes	: 39 bits physical, 48 bits virtual
power management:



Memory: 4k page, physical 3928200k(117488k free), swap 0k(0k free)

vm_info: Java HotSpot(TM) 64-Bit Server VM (25.101-b13) for linux-amd64 JRE (1.8.0_101-b13), built on Jun 22 2016 02:59:44 by "java_re" with gcc 4.3.0 20080428 (Red Hat 4.3.0-8)

time: Fri Aug 26 15:41:34 2016
elapsed time: 5 seconds (0d 0h 0m 5s)

